app/build/intermediates/manifest_merge_blame_file/debug/manifest-merger-blame-debug-report.txt
1<?xml version="1.0" encoding="utf-8"?>
2<manifest xmlns:android="http://schemas.android.com/apk/res/android"
3    package="es.miguel.polideportivo"
4    android:versionCode="1"
5    android:versionName="1.0" >
6
7    <uses-sdk
8        android:minSdkVersion="27"
8-->src\main\AndroidManifest.xml
9        android:targetSdkVersion="33" />
9-->src\main\AndroidManifest.xml
10
11    <uses-permission android:name="android.permission.INTERNET" />
11-->[com.google.firebase:firebase-auth:21.1.0] AndroidManifest.xml:23:5-67
11-->[com.google.firebase:firebase-auth:21.1.0] AndroidManifest.xml:23:22-64
12    <uses-permission android:name="android.permission.ACCESS_NETWORK_STATE" />
12-->[com.google.firebase:firebase-auth:21.1.0] AndroidManifest.xml:24:5-79
12-->[com.google.firebase:firebase-auth:21.1.0] AndroidManifest.xml:24:22-76
13    <uses-permission android:name="android.permission.WAKE_LOCK" />
13-->[com.google.android.gms:play-services-measurement-api:21.2.0] AndroidManifest.xml:24:5-68
13-->[com.google.android.gms:play-services-measurement-api:21.2.0] AndroidManifest.xml:24:22-65
14    <uses-permission android:name="com.google.android.gms.permission.AD_ID" />
14-->[com.google.android.gms:play-services-measurement-api:21.2.0] AndroidManifest.xml:25:5-79
14-->[com.google.android.gms:play-services-measurement-api:21.2.0] AndroidManifest.xml:25:22-76
15    <uses-permission android:name="com.google.android.finsky.permission.BIND_GET_INSTALL_REFERRER_SERVICE" />
15-->[com.google.android.gms:play-services-measurement:21.2.0] AndroidManifest.xml:26:5-110
15-->[com.google.android.gms:play-services-measurement:21.2.0] AndroidManifest.xml:26:22-107
16
17    <permission
17-->[androidx.core:core:1.9.0] AndroidManifest.xml:22:5-24:47
18        android:name="es.miguel.polideportivo.DYNAMIC_RECEIVER_NOT_EXPORTED_PERMISSION"
18-->[androidx.core:core:1.9.0] AndroidManifest.xml:23:9-81
19        android:protectionLevel="signature" />
19-->[androidx.core:core:1.9.0] AndroidManifest.xml:24:9-44
20
21    <uses-permission android:name="es.miguel.polideportivo.DYNAMIC_RECEIVER_NOT_EXPORTED_PERMISSION" />
21-->[androidx.core:core:1.9.0] AndroidManifest.xml:26:5-97
21-->[androidx.core:core:1.9.0] AndroidManifest.xml:26:22-94
22
23    <application
23-->src\main\AndroidManifest.xml:5:5-56:19
24        android:allowBackup="true"
24-->src\main\AndroidManifest.xml:6:9-35
25        android:appComponentFactory="androidx.core.app.CoreComponentFactory"
25-->[androidx.core:core:1.9.0] AndroidManifest.xml:28:18-86
26        android:dataExtractionRules="@xml/data_extraction_rules"
26-->src\main\AndroidManifest.xml:7:9-65
27        android:debuggable="true"
28        android:extractNativeLibs="false"
29        android:fullBackupContent="@xml/backup_rules"
29-->src\main\AndroidManifest.xml:8:9-54
30        android:icon="@mipmap/ic_launcher"
30-->src\main\AndroidManifest.xml:9:9-43
31        android:label="@string/app_name"
31-->src\main\AndroidManifest.xml:10:9-41
32        android:supportsRtl="true"
32-->src\main\AndroidManifest.xml:11:9-35
33        android:testOnly="true"
34        android:theme="@style/Theme.AppCompat.Light.NoActionBar" >
34-->src\main\AndroidManifest.xml:12:9-65
35        <activity
35-->src\main\AndroidManifest.xml:14:9-16:40
36            android:name="es.miguel.polideportivo.activity.ConfirmarReservaGimActivity"
36-->src\main\AndroidManifest.xml:15:13-65
37            android:exported="false" />
37-->src\main\AndroidManifest.xml:16:13-37
38        <activity
38-->src\main\AndroidManifest.xml:17:9-19:40
39            android:name="es.miguel.polideportivo.activity.ReservaGimActivity"
39-->src\main\AndroidManifest.xml:18:13-56
40            android:exported="false" />
40-->src\main\AndroidManifest.xml:19:13-37
41        <activity
41-->src\main\AndroidManifest.xml:20:9-22:40
42            android:name="es.miguel.polideportivo.activity.ConfirmarReservaPistaActivity"
42-->src\main\AndroidManifest.xml:21:13-67
43            android:exported="false" />
43-->src\main\AndroidManifest.xml:22:13-37
44        <activity
44-->src\main\AndroidManifest.xml:23:9-26:67
45            android:name="es.miguel.polideportivo.activity.ReservaPistasActivity"
45-->src\main\AndroidManifest.xml:24:13-59
46            android:exported="false"
46-->src\main\AndroidManifest.xml:25:13-37
47            android:parentActivityName="es.miguel.polideportivo.activity.MainActivity" />
47-->src\main\AndroidManifest.xml:26:13-64
48        <activity
48-->src\main\AndroidManifest.xml:27:9-30:67
49            android:name="es.miguel.polideportivo.activity.HorarioDisponibleActivity"
49-->src\main\AndroidManifest.xml:28:13-63
50            android:exported="false"
50-->src\main\AndroidManifest.xml:29:13-37
51            android:parentActivityName="es.miguel.polideportivo.activity.MainActivity" />
51-->src\main\AndroidManifest.xml:30:13-64
52        <activity
52-->src\main\AndroidManifest.xml:31:9-39:20
53            android:name="es.miguel.polideportivo.activity.MainActivity"
53-->src\main\AndroidManifest.xml:32:13-50
54            android:exported="true" >
54-->src\main\AndroidManifest.xml:33:13-36
55            <intent-filter>
55-->src\main\AndroidManifest.xml:34:13-38:29
56                <action android:name="android.intent.action.MAIN" />
56-->src\main\AndroidManifest.xml:35:17-69
56-->src\main\AndroidManifest.xml:35:25-66
57
58                <category android:name="android.intent.category.LAUNCHER" />
58-->src\main\AndroidManifest.xml:37:17-77
58-->src\main\AndroidManifest.xml:37:27-74
59            </intent-filter>
60        </activity>
61        <activity
61-->src\main\AndroidManifest.xml:40:9-47:20
62            android:name="es.miguel.polideportivo.activity.RegistroActivity"
62-->src\main\AndroidManifest.xml:41:13-54
63            android:exported="false"
63-->src\main\AndroidManifest.xml:42:13-37
64            android:parentActivityName="es.miguel.polideportivo.activity.MainActivity" >
64-->src\main\AndroidManifest.xml:43:13-64
65            <meta-data
65-->src\main\AndroidManifest.xml:44:13-46:58
66                android:name="android.support.PARENT_ACTIVITY"
66-->src\main\AndroidManifest.xml:45:17-63
67                android:value=".activity.MainActivity" />
67-->src\main\AndroidManifest.xml:46:17-55
68        </activity>
69        <activity
69-->src\main\AndroidManifest.xml:48:9-55:20
70            android:name="es.miguel.polideportivo.activity.InicioActivity"
70-->src\main\AndroidManifest.xml:49:13-52
71            android:exported="false"
71-->src\main\AndroidManifest.xml:50:13-37
72            android:parentActivityName="es.miguel.polideportivo.activity.MainActivity" >
72-->src\main\AndroidManifest.xml:51:13-64
73            <meta-data
73-->src\main\AndroidManifest.xml:44:13-46:58
74                android:name="android.support.PARENT_ACTIVITY"
74-->src\main\AndroidManifest.xml:45:17-63
75                android:value=".activity.MainActivity" />
75-->src\main\AndroidManifest.xml:46:17-55
76        </activity>
77        <activity
77-->[com.google.firebase:firebase-auth:21.1.0] AndroidManifest.xml:27:9-44:20
78            android:name="com.google.firebase.auth.internal.GenericIdpActivity"
78-->[com.google.firebase:firebase-auth:21.1.0] AndroidManifest.xml:28:13-80
79            android:excludeFromRecents="true"
79-->[com.google.firebase:firebase-auth:21.1.0] AndroidManifest.xml:29:13-46
80            android:exported="true"
80-->[com.google.firebase:firebase-auth:21.1.0] AndroidManifest.xml:30:13-36
81            android:launchMode="singleTask"
81-->[com.google.firebase:firebase-auth:21.1.0] AndroidManifest.xml:31:13-44
82            android:theme="@android:style/Theme.Translucent.NoTitleBar" >
82-->[com.google.firebase:firebase-auth:21.1.0] AndroidManifest.xml:32:13-72
83            <intent-filter>
83-->[com.google.firebase:firebase-auth:21.1.0] AndroidManifest.xml:33:13-43:29
84                <action android:name="android.intent.action.VIEW" />
84-->[com.google.firebase:firebase-auth:21.1.0] AndroidManifest.xml:34:17-69
84-->[com.google.firebase:firebase-auth:21.1.0] AndroidManifest.xml:34:25-66
85
86                <category android:name="android.intent.category.DEFAULT" />
86-->[com.google.firebase:firebase-auth:21.1.0] AndroidManifest.xml:36:17-76
86-->[com.google.firebase:firebase-auth:21.1.0] AndroidManifest.xml:36:27-73
87                <category android:name="android.intent.category.BROWSABLE" />
87-->[com.google.firebase:firebase-auth:21.1.0] AndroidManifest.xml:37:17-78
87-->[com.google.firebase:firebase-auth:21.1.0] AndroidManifest.xml:37:27-75
88
89                <data
89-->[com.google.firebase:firebase-auth:21.1.0] AndroidManifest.xml:39:17-42:51
90                    android:host="firebase.auth"
90-->[com.google.firebase:firebase-auth:21.1.0] AndroidManifest.xml:40:21-49
91                    android:path="/"
91-->[com.google.firebase:firebase-auth:21.1.0] AndroidManifest.xml:41:21-37
92                    android:scheme="genericidp" />
92-->[com.google.firebase:firebase-auth:21.1.0] AndroidManifest.xml:42:21-48
93            </intent-filter>
94        </activity>
95        <activity
95-->[com.google.firebase:firebase-auth:21.1.0] AndroidManifest.xml:45:9-62:20
96            android:name="com.google.firebase.auth.internal.RecaptchaActivity"
96-->[com.google.firebase:firebase-auth:21.1.0] AndroidManifest.xml:46:13-79
97            android:excludeFromRecents="true"
97-->[com.google.firebase:firebase-auth:21.1.0] AndroidManifest.xml:47:13-46
98            android:exported="true"
98-->[com.google.firebase:firebase-auth:21.1.0] AndroidManifest.xml:48:13-36
99            android:launchMode="singleTask"
99-->[com.google.firebase:firebase-auth:21.1.0] AndroidManifest.xml:49:13-44
100            android:theme="@android:style/Theme.Translucent.NoTitleBar" >
100-->[com.google.firebase:firebase-auth:21.1.0] AndroidManifest.xml:50:13-72
101            <intent-filter>
101-->[com.google.firebase:firebase-auth:21.1.0] AndroidManifest.xml:51:13-61:29
102                <action android:name="android.intent.action.VIEW" />
102-->[com.google.firebase:firebase-auth:21.1.0] AndroidManifest.xml:34:17-69
102-->[com.google.firebase:firebase-auth:21.1.0] AndroidManifest.xml:34:25-66
103
104                <category android:name="android.intent.category.DEFAULT" />
104-->[com.google.firebase:firebase-auth:21.1.0] AndroidManifest.xml:36:17-76
104-->[com.google.firebase:firebase-auth:21.1.0] AndroidManifest.xml:36:27-73
105                <category android:name="android.intent.category.BROWSABLE" />
105-->[com.google.firebase:firebase-auth:21.1.0] AndroidManifest.xml:37:17-78
105-->[com.google.firebase:firebase-auth:21.1.0] AndroidManifest.xml:37:27-75
106
107                <data
107-->[com.google.firebase:firebase-auth:21.1.0] AndroidManifest.xml:39:17-42:51
108                    android:host="firebase.auth"
108-->[com.google.firebase:firebase-auth:21.1.0] AndroidManifest.xml:40:21-49
109                    android:path="/"
109-->[com.google.firebase:firebase-auth:21.1.0] AndroidManifest.xml:41:21-37
110                    android:scheme="recaptcha" />
110-->[com.google.firebase:firebase-auth:21.1.0] AndroidManifest.xml:42:21-48
111            </intent-filter>
112        </activity>
113
114        <service
114-->[com.google.firebase:firebase-auth:21.1.0] AndroidManifest.xml:64:9-70:19
115            android:name="com.google.firebase.components.ComponentDiscoveryService"
115-->[com.google.firebase:firebase-auth:21.1.0] AndroidManifest.xml:65:13-84
116            android:directBootAware="true"
116-->[com.google.firebase:firebase-common:20.3.1] AndroidManifest.xml:34:13-43
117            android:exported="false" >
117-->[com.google.firebase:firebase-auth:21.1.0] AndroidManifest.xml:66:13-37
118            <meta-data
118-->[com.google.firebase:firebase-auth:21.1.0] AndroidManifest.xml:67:13-69:85
119                android:name="com.google.firebase.components:com.google.firebase.auth.FirebaseAuthRegistrar"
119-->[com.google.firebase:firebase-auth:21.1.0] AndroidManifest.xml:68:17-109
120                android:value="com.google.firebase.components.ComponentRegistrar" />
120-->[com.google.firebase:firebase-auth:21.1.0] AndroidManifest.xml:69:17-82
121            <meta-data
121-->[com.google.android.gms:play-services-measurement-api:21.2.0] AndroidManifest.xml:31:13-33:85
122                android:name="com.google.firebase.components:com.google.firebase.analytics.connector.internal.AnalyticsConnectorRegistrar"
122-->[com.google.android.gms:play-services-measurement-api:21.2.0] AndroidManifest.xml:32:17-139
123                android:value="com.google.firebase.components.ComponentRegistrar" />
123-->[com.google.android.gms:play-services-measurement-api:21.2.0] AndroidManifest.xml:33:17-82
124            <meta-data
124-->[com.google.firebase:firebase-installations:17.1.3] AndroidManifest.xml:17:13-19:85
125                android:name="com.google.firebase.components:com.google.firebase.installations.FirebaseInstallationsRegistrar"
125-->[com.google.firebase:firebase-installations:17.1.3] AndroidManifest.xml:18:17-127
126                android:value="com.google.firebase.components.ComponentRegistrar" />
126-->[com.google.firebase:firebase-installations:17.1.3] AndroidManifest.xml:19:17-82
127        </service>
128
129        <provider
129-->[com.google.firebase:firebase-common:20.3.1] AndroidManifest.xml:25:9-30:39
130            android:name="com.google.firebase.provider.FirebaseInitProvider"
130-->[com.google.firebase:firebase-common:20.3.1] AndroidManifest.xml:26:13-77
131            android:authorities="es.miguel.polideportivo.firebaseinitprovider"
131-->[com.google.firebase:firebase-common:20.3.1] AndroidManifest.xml:27:13-72
132            android:directBootAware="true"
132-->[com.google.firebase:firebase-common:20.3.1] AndroidManifest.xml:28:13-43
133            android:exported="false"
133-->[com.google.firebase:firebase-common:20.3.1] AndroidManifest.xml:29:13-37
134            android:initOrder="100" />
134-->[com.google.firebase:firebase-common:20.3.1] AndroidManifest.xml:30:13-36
135
136        <receiver
136-->[com.google.android.gms:play-services-measurement:21.2.0] AndroidManifest.xml:29:9-33:20
137            android:name="com.google.android.gms.measurement.AppMeasurementReceiver"
137-->[com.google.android.gms:play-services-measurement:21.2.0] AndroidManifest.xml:30:13-85
138            android:enabled="true"
138-->[com.google.android.gms:play-services-measurement:21.2.0] AndroidManifest.xml:31:13-35
139            android:exported="false" >
139-->[com.google.android.gms:play-services-measurement:21.2.0] AndroidManifest.xml:32:13-37
140        </receiver>
141
142        <service
142-->[com.google.android.gms:play-services-measurement:21.2.0] AndroidManifest.xml:35:9-38:40
143            android:name="com.google.android.gms.measurement.AppMeasurementService"
143-->[com.google.android.gms:play-services-measurement:21.2.0] AndroidManifest.xml:36:13-84
144            android:enabled="true"
144-->[com.google.android.gms:play-services-measurement:21.2.0] AndroidManifest.xml:37:13-35
145            android:exported="false" />
145-->[com.google.android.gms:play-services-measurement:21.2.0] AndroidManifest.xml:38:13-37
146        <service
146-->[com.google.android.gms:play-services-measurement:21.2.0] AndroidManifest.xml:39:9-43:72
147            android:name="com.google.android.gms.measurement.AppMeasurementJobService"
147-->[com.google.android.gms:play-services-measurement:21.2.0] AndroidManifest.xml:40:13-87
148            android:enabled="true"
148-->[com.google.android.gms:play-services-measurement:21.2.0] AndroidManifest.xml:41:13-35
149            android:exported="false"
149-->[com.google.android.gms:play-services-measurement:21.2.0] AndroidManifest.xml:42:13-37
150            android:permission="android.permission.BIND_JOB_SERVICE" />
150-->[com.google.android.gms:play-services-measurement:21.2.0] AndroidManifest.xml:43:13-69
151
152        <activity
152-->[com.google.android.gms:play-services-base:17.1.0] AndroidManifest.xml:23:9-26:75
153            android:name="com.google.android.gms.common.api.GoogleApiActivity"
153-->[com.google.android.gms:play-services-base:17.1.0] AndroidManifest.xml:24:13-79
154            android:exported="false"
154-->[com.google.android.gms:play-services-base:17.1.0] AndroidManifest.xml:25:13-37
155            android:theme="@android:style/Theme.Translucent.NoTitleBar" />
155-->[com.google.android.gms:play-services-base:17.1.0] AndroidManifest.xml:26:13-72
156
157        <meta-data
157-->[com.google.android.gms:play-services-basement:18.1.0] AndroidManifest.xml:21:9-23:69
158            android:name="com.google.android.gms.version"
158-->[com.google.android.gms:play-services-basement:18.1.0] AndroidManifest.xml:22:13-58
159            android:value="@integer/google_play_services_version" />
159-->[com.google.android.gms:play-services-basement:18.1.0] AndroidManifest.xml:23:13-66
160
161        <provider
161-->[androidx.emoji2:emoji2:1.2.0] AndroidManifest.xml:24:9-32:20
162            android:name="androidx.startup.InitializationProvider"
162-->[androidx.emoji2:emoji2:1.2.0] AndroidManifest.xml:25:13-67
163            android:authorities="es.miguel.polideportivo.androidx-startup"
163-->[androidx.emoji2:emoji2:1.2.0] AndroidManifest.xml:26:13-68
164            android:exported="false" >
164-->[androidx.emoji2:emoji2:1.2.0] AndroidManifest.xml:27:13-37
165            <meta-data
165-->[androidx.emoji2:emoji2:1.2.0] AndroidManifest.xml:29:13-31:52
166                android:name="androidx.emoji2.text.EmojiCompatInitializer"
166-->[androidx.emoji2:emoji2:1.2.0] AndroidManifest.xml:30:17-75
167                android:value="androidx.startup" />
167-->[androidx.emoji2:emoji2:1.2.0] AndroidManifest.xml:31:17-49
168            <meta-data
168-->[androidx.lifecycle:lifecycle-process:2.4.1] AndroidManifest.xml:31:13-33:52
169                android:name="androidx.lifecycle.ProcessLifecycleInitializer"
169-->[androidx.lifecycle:lifecycle-process:2.4.1] AndroidManifest.xml:32:17-78
170                android:value="androidx.startup" />
170-->[androidx.lifecycle:lifecycle-process:2.4.1] AndroidManifest.xml:33:17-49
171        </provider>
172    </application>
173
174</manifest>